<?xml version="1.0" encoding="UTF-8"?>
<!-- Generated by org.testng.reporters.JUnitXMLReporter -->
<testsuite ignored="0" hostname="DESKTOP-0PO3J3R" failures="0" tests="7" name="Command line test" time="1.037" errors="0" timestamp="2019-09-25T21:14:28 MSK">
  <testcase classname="test.paragliding.service.SportsmanServiceTest" name="findTest" time="0.048"/>
  <testcase classname="test.paragliding.service.SportsmanServiceTest" name="findTest" time="0.003"/>
  <testcase classname="test.paragliding.service.SportsmanServiceTest" name="findTest" time="0.002"/>
  <testcase classname="test.paragliding.service.SportsmanServiceTest" name="findTest" time="0.003"/>
  <testcase classname="test.paragliding.service.SportsmanServiceTest" name="readByIdNegativeTest" time="0.001"/>
  <testcase classname="test.paragliding.service.SportsmanServiceTest" name="readByIdNegativeTest" time="0.001"/>
  <testcase classname="test.paragliding.service.SportsmanServiceTest" name="readByIdPositiveTest" time="0.009"/>
</testsuite> <!-- Command line test -->
