<?xml version="1.0" encoding="UTF-8" ?>
<testsuite tests="7" failures="0" name="test.paragliding.service.SportsmanServiceTest" time="0.068" errors="0" skipped="0">
  <properties>
[...]
</properties>
  <testcase classname="test.paragliding.service.SportsmanServiceTest" name="findTest" time="0.05"/>
  <testcase classname="test.paragliding.service.SportsmanServiceTest" name="findTest" time="0.001"/>
  <testcase classname="test.paragliding.service.SportsmanServiceTest" name="findTest" time="0.002"/>
  <testcase classname="test.paragliding.service.SportsmanServiceTest" name="findTest" time="0.003"/>
  <testcase classname="test.paragliding.service.SportsmanServiceTest" name="readByIdNegativeTest" time="0.001"/>
  <testcase classname="test.paragliding.service.SportsmanServiceTest" name="readByIdNegativeTest" time="0.001"/>
  <testcase classname="test.paragliding.service.SportsmanServiceTest" name="readByIdPositiveTest" time="0.01"/>
</testsuite>