<?xml version="1.0" encoding="UTF-8"?>
<testng-results ignored="0" total="7" passed="7" failed="0" skipped="0">
  <reporter-output>
  </reporter-output>
  <suite started-at="2019-09-25T21:14:27 MSK" name="test.paragliding.service.SportsmanServiceTest" finished-at="2019-09-25T21:14:28 MSK" duration-ms="1037">
    <groups>
    </groups>
    <test started-at="2019-09-25T21:14:27 MSK" name="Command line test" finished-at="2019-09-25T21:14:28 MSK" duration-ms="1037">
      <class name="test.paragliding.service.SportsmanServiceTest">
        <test-method is-config="true" signature="init()[pri:0, instance:test.paragliding.service.SportsmanServiceTest@25af5db5]" started-at="2019-09-25T21:14:27 MSK" name="init" finished-at="2019-09-25T21:14:28 MSK" duration-ms="919" status="PASS">
          <reporter-output>
          </reporter-output>
        </test-method> <!-- init -->
        <test-method signature="findTest(java.lang.String, java.util.List, [Ljava.lang.Object;)[pri:0, instance:test.paragliding.service.SportsmanServiceTest@25af5db5]" started-at="2019-09-25T21:14:28 MSK" name="findTest" description="FindTest" data-provider="findTestDataProvider" finished-at="2019-09-25T21:14:28 MSK" duration-ms="48" status="PASS">
          <params>
            <param index="0">
              <value>
                <![CDATA[all]]>
              </value>
            </param>
            <param index="1">
              <value>
                <![CDATA[[Sportsman{name='Gorenc', surname='Jaka', civlId=8321, gender=M, countryCode=SI, rating=315.8, imagePath=''}, Sportsman{name='Feraric', surname='Matjaz', civlId=8388, gender=M, countryCode=SI, rating=315.0, imagePath=''}, Sportsman{name='Sluga', surname='Matjaz', civlId=8389, gender=M, countryCode=SI, rating=353.1, imagePath=''}]]]>
              </value>
            </param>
            <param index="2">
              <value is-null="true"/>
            </param>
          </params>
          <reporter-output>
          </reporter-output>
        </test-method> <!-- findTest -->
        <test-method signature="findTest(java.lang.String, java.util.List, [Ljava.lang.Object;)[pri:0, instance:test.paragliding.service.SportsmanServiceTest@25af5db5]" started-at="2019-09-25T21:14:28 MSK" name="findTest" description="FindTest" data-provider="findTestDataProvider" finished-at="2019-09-25T21:14:28 MSK" duration-ms="3" status="PASS">
          <params>
            <param index="0">
              <value>
                <![CDATA[countryCode]]>
              </value>
            </param>
            <param index="1">
              <value>
                <![CDATA[[Sportsman{name='Gorenc', surname='Jaka', civlId=8321, gender=M, countryCode=SI, rating=315.8, imagePath=''}, Sportsman{name='Feraric', surname='Matjaz', civlId=8388, gender=M, countryCode=SI, rating=315.0, imagePath=''}, Sportsman{name='Sluga', surname='Matjaz', civlId=8389, gender=M, countryCode=SI, rating=353.1, imagePath=''}]]]>
              </value>
            </param>
            <param index="2">
              <value>
                <![CDATA[[Ljava.lang.Object;@674658f7]]>
              </value>
            </param>
          </params>
          <reporter-output>
          </reporter-output>
        </test-method> <!-- findTest -->
        <test-method signature="findTest(java.lang.String, java.util.List, [Ljava.lang.Object;)[pri:0, instance:test.paragliding.service.SportsmanServiceTest@25af5db5]" started-at="2019-09-25T21:14:28 MSK" name="findTest" description="FindTest" data-provider="findTestDataProvider" finished-at="2019-09-25T21:14:28 MSK" duration-ms="2" status="PASS">
          <params>
            <param index="0">
              <value>
                <![CDATA[application]]>
              </value>
            </param>
            <param index="1">
              <value>
                <![CDATA[[Sportsman{name='Feraric', surname='Matjaz', civlId=8388, gender=M, countryCode=SI, rating=315.0, imagePath=''}, Sportsman{name='Sluga', surname='Matjaz', civlId=8389, gender=M, countryCode=SI, rating=353.1, imagePath=''}]]]>
              </value>
            </param>
            <param index="2">
              <value>
                <![CDATA[[Ljava.lang.Object;@73163d48]]>
              </value>
            </param>
          </params>
          <reporter-output>
          </reporter-output>
        </test-method> <!-- findTest -->
        <test-method signature="findTest(java.lang.String, java.util.List, [Ljava.lang.Object;)[pri:0, instance:test.paragliding.service.SportsmanServiceTest@25af5db5]" started-at="2019-09-25T21:14:28 MSK" name="findTest" description="FindTest" data-provider="findTestDataProvider" finished-at="2019-09-25T21:14:28 MSK" duration-ms="3" status="PASS">
          <params>
            <param index="0">
              <value>
                <![CDATA[ratingRange]]>
              </value>
            </param>
            <param index="1">
              <value>
                <![CDATA[[Sportsman{name='Feraric', surname='Matjaz', civlId=8388, gender=M, countryCode=SI, rating=315.0, imagePath=''}, Sportsman{name='Gorenc', surname='Jaka', civlId=8321, gender=M, countryCode=SI, rating=315.8, imagePath=''}, Sportsman{name='Sluga', surname='Matjaz', civlId=8389, gender=M, countryCode=SI, rating=353.1, imagePath=''}]]]>
              </value>
            </param>
            <param index="2">
              <value>
                <![CDATA[[Ljava.lang.Object;@20a8a64e]]>
              </value>
            </param>
          </params>
          <reporter-output>
          </reporter-output>
        </test-method> <!-- findTest -->
        <test-method signature="readByIdNegativeTest(int)[pri:0, instance:test.paragliding.service.SportsmanServiceTest@25af5db5]" started-at="2019-09-25T21:14:28 MSK" name="readByIdNegativeTest" description="ReadByIdNegative" data-provider="readByIdProvider" finished-at="2019-09-25T21:14:28 MSK" duration-ms="1" status="PASS">
          <params>
            <param index="0">
              <value>
                <![CDATA[-1]]>
              </value>
            </param>
          </params>
          <reporter-output>
          </reporter-output>
        </test-method> <!-- readByIdNegativeTest -->
        <test-method signature="readByIdNegativeTest(int)[pri:0, instance:test.paragliding.service.SportsmanServiceTest@25af5db5]" started-at="2019-09-25T21:14:28 MSK" name="readByIdNegativeTest" description="ReadByIdNegative" data-provider="readByIdProvider" finished-at="2019-09-25T21:14:28 MSK" duration-ms="1" status="PASS">
          <params>
            <param index="0">
              <value>
                <![CDATA[464]]>
              </value>
            </param>
          </params>
          <reporter-output>
          </reporter-output>
        </test-method> <!-- readByIdNegativeTest -->
        <test-method signature="readByIdPositiveTest()[pri:0, instance:test.paragliding.service.SportsmanServiceTest@25af5db5]" started-at="2019-09-25T21:14:28 MSK" name="readByIdPositiveTest" description="readByIdPositive" finished-at="2019-09-25T21:14:28 MSK" duration-ms="9" status="PASS">
          <reporter-output>
          </reporter-output>
        </test-method> <!-- readByIdPositiveTest -->
      </class> <!-- test.paragliding.service.SportsmanServiceTest -->
    </test> <!-- Command line test -->
  </suite> <!-- test.paragliding.service.SportsmanServiceTest -->
</testng-results>
